2017-10-01, 22525
2017-10-02, 12597
2017-10-03, 9815
2017-10-04, 15622
2017-10-05, 17994
2017-10-06, 15645
2017-10-07, 18422
2017-10-08, 22808
2017-10-09, 12823
2017-10-10, 12855
2017-10-11, 19619
2017-10-12, 19448
2017-10-13, 17836
2017-10-14, 15746
2017-10-15, 18530
2017-10-16, 17293
2017-10-17, 12317
2017-10-18, 12455
2017-10-19, 10301
2017-10-20, 20145
2017-10-21, 15424
2017-10-22, 12750
2017-10-23, 14025
2017-10-24, 18480
2017-10-25, 11137
2017-10-26, 16005
2017-10-27, 16587
2017-10-28, 16063
2017-10-29, 18359
2017-10-30, 18668
2017-10-31, 14948
2017-11-01, 11144
2017-11-02, 13996
2017-11-03, 20111
2017-11-04, 20167
2017-11-05, 22356
2017-11-06, 8525
2017-11-07, 9830
2017-11-08, 16693
2017-11-09, 22871
2017-11-10, 18555
2017-11-11, 15737
2017-11-12, 22220
2017-11-13, 17463
2017-11-14, 15628
2017-11-15, 24337
2017-11-16, 11634
2017-11-17, 21161
2017-11-18, 11436
2017-11-19, 13911
2017-11-20, 18775
2017-11-21, 9901
2017-11-22, 17316
2017-11-23, 28033
2017-11-24, 24704
2017-11-25, 17568
2017-11-26, 19062
2017-11-27, 15729
2017-11-28, 18853
2017-11-29, 7438
2017-11-30, 12605
2017-12-01, 27381
2017-12-02, 21101
2017-12-03, 31323
2017-12-04, 10787
2017-12-05, 12657
2017-12-06, 14954
2017-12-07, 13973
2017-12-08, 13948
2017-12-09, 10382
2017-12-10, 12057
2017-12-11, 10715
2017-12-12, 11707
2017-12-13, 15898
2017-12-14, 13683
2017-12-15, 11883
2017-12-16, 19637
2017-12-17, 14354
2017-12-18, 9266
2017-12-19, 16546
2017-12-20, 8118
2017-12-21, 16193
2017-12-22, 18759
2017-12-23, 30445
2017-12-24, 23716
2017-12-25, 12650
2017-12-26, 30443
2017-12-27, 18127
2017-12-28, 17222
2017-12-29, 15750
2017-12-30, 18866
2017-12-31, 17222
2018-01-01, 11949
2018-01-02, 22253
2018-01-03, 12745
2018-01-04, 17270
2018-01-05, 22936
2018-01-06, 18406
2018-01-07, 6725
2018-01-08, 14094
2018-01-09, 10193
2018-01-10, 10324
2018-01-11, 11921
2018-01-12, 17351
2018-01-13, 12238
2018-01-14, 10211
2018-01-15, 14184
2018-01-16, 17999
2018-01-17, 10845
2018-01-18, 21001
2018-01-19, 18453
2018-01-20, 21628
2018-01-21, 16622
2018-01-22, 19782
2018-01-23, 19584
2018-01-24, 17361
2018-01-25, 9687
2018-01-26, 21479
2018-01-27, 24290
2018-01-28, 20365
2018-01-29, 21790
2018-01-30, 15619
2018-01-31, 9064
2018-02-01, 13306
2018-02-02, 16471
2018-02-03, 13074
2018-02-04, 14487
2018-02-05, 22625
2018-02-06, 20123
2018-02-07, 16391
2018-02-08, 13182
2018-02-09, 16943
2018-02-10, 14363
2018-02-11, 20070
2018-02-12, 11626
2018-02-13, 11723
2018-02-14, 10312
2018-02-15, 24286
2018-02-16, 16222
2018-02-17, 18173
2018-02-18, 10450
2018-02-19, 14674
2018-02-20, 20323
2018-02-21, 20350
2018-02-22, 16995
2018-02-23, 14827
2018-02-24, 10129
2018-02-25, 17480
2018-02-26, 14518
2018-02-27, 13483
2018-02-28, 20715
2018-03-01, 15123
2018-03-02, 15995
2018-03-03, 21703
2018-03-04, 11642
2018-03-05, 19895
2018-03-06, 18558
2018-03-07, 18945
2018-03-08, 14315
2018-03-09, 19540
2018-03-10, 14246
2018-03-11, 23379
2018-03-12, 20095
2018-03-13, 12963
2018-03-14, 18126
2018-03-15, 17886
2018-03-16, 14130
2018-03-17, 22342
2018-03-18, 23667
2018-03-19, 16273
2018-03-20, 12912
2018-03-21, 20141
2018-03-22, 17312
2018-03-23, 15847
2018-03-24, 10025
2018-03-25, 17359
2018-03-26, 14461
2018-03-27, 11536
2018-03-28, 3862
2018-03-29, 24351
2018-03-30, 19209
2018-03-31, 18362
2018-04-01, 6505
2018-04-02, 17599
2018-04-03, 18652
2018-04-04, 13572
2018-04-05, 22777
2018-04-06, 16364
2018-04-07, 16798
2018-04-08, 12444
2018-04-09, 12095
2018-04-10, 13844
2018-04-11, 8726
2018-04-12, 15154
2018-04-13, 13906
2018-04-14, 14536
2018-04-15, 12740
2018-04-16, 13813
2018-04-17, 10222
2018-04-18, 16480
2018-04-19, 23930
2018-04-20, 14586
2018-04-21, 15973
2018-04-22, 17720
2018-04-23, 15049
2018-04-24, 15145
2018-04-25, 14397
2018-04-26, 12221
2018-04-27, 12899
2018-04-28, 19862
2018-04-29, 19209
2018-04-30, 17559
2018-05-01, 22090
2018-05-02, 21195
2018-05-03, 21005
2018-05-04, 18493
2018-05-05, 16308
2018-05-06, 17802
2018-05-07, 20979
2018-05-08, 19060
2018-05-09, 20836
2018-05-10, 13693
2018-05-11, 16521
2018-05-12, 10185
2018-05-13, 18434
2018-05-14, 17570
2018-05-15, 8099
2018-05-16, 17480
2018-05-17, 9678
2018-05-18, 20976
2018-05-19, 25390
2018-05-20, 17004
2018-05-21, 16905
2018-05-22, 12998
2018-05-23, 18974
2018-05-24, 11630
2018-05-25, 26592
2018-05-26, 23239
2018-05-27, 11664
2018-05-28, 14891
2018-05-29, 17934
2018-05-30, 18973
2018-05-31, 19649
2018-06-01, 11495
2018-06-02, 15678
2018-06-03, 18387
2018-06-04, 15872
2018-06-05, 6499
2018-06-06, 13387
2018-06-07, 13365
2018-06-08, 21490
2018-06-09, 12264
2018-06-10, 35231
2018-06-11, 7725
2018-06-12, 16218
2018-06-13, 21959
2018-06-14, 12640
2018-06-15, 14295
2018-06-16, 13729
2018-06-17, 21044
2018-06-18, 18502
2018-06-19, 13136
2018-06-20, 8671
2018-06-21, 12783
2018-06-22, 14629
2018-06-23, 20652
2018-06-24, 20872
2018-06-25, 17645
2018-06-26, 12061
2018-06-27, 18168
2018-06-28, 21732
2018-06-29, 20810
2018-06-30, 15477
2018-07-01, 17052
2018-07-02, 24129
2018-07-03, 9655
2018-07-04, 17185
2018-07-05, 17769
2018-07-06, 9443
2018-07-07, 12461
2018-07-08, 18452
2018-07-09, 17474
2018-07-10, 16088
2018-07-11, 11045
2018-07-12, 17949
2018-07-13, 23413
2018-07-14, 14950
2018-07-15, 15430
2018-07-16, 22377
2018-07-17, 18560
2018-07-18, 9878
2018-07-19, 21062
2018-07-20, 14654
2018-07-21, 14359
2018-07-22, 7471
2018-07-23, 11199
2018-07-24, 22032
2018-07-25, 11875
2018-07-26, 17907
2018-07-27, 17815
2018-07-28, 20129
2018-07-29, 19895
2018-07-30, 19699
2018-07-31, 17603
2019-01-01, 19136
2019-01-02, 15759
2019-01-03, 20882
2019-01-04, 21769
2019-01-05, 24132
2019-01-06, 18234
2019-01-07, 20707
2019-01-08, 16862
2019-01-09, 8326
2019-01-10, 14395
2019-01-11, 13878
2019-01-12, 12478
2019-01-13, 15972
2019-01-14, 16522
2019-01-15, 14305
2019-01-16, 15605
2019-01-17, 15881
2019-01-18, 17861
2019-01-19, 16927
2019-01-20, 19681
2019-01-21, 15147
2019-01-22, 18595
2019-01-23, 16599
2019-01-24, 16101
2019-01-25, 17684
2019-01-26, 24388
2019-01-27, 11996
2019-01-28, 19583
2019-01-29, 9417
2019-01-30, 16181
2019-01-31, 24276
2019-02-01, 16865
2019-02-02, 17525
2019-02-03, 11916
2019-02-04, 19977
2019-02-05, 14747
2019-02-06, 17839
2019-02-07, 16096
2019-02-08, 14097
2019-02-09, 13335
2019-02-10, 21976
2019-02-11, 11204
2019-02-12, 22077
2019-02-13, 13697
2019-02-14, 16483
2019-02-15, 22756
2019-02-16, 19455
2019-02-17, 18802
2019-02-18, 20552
2019-02-19, 15267
2019-02-20, 21313
2019-02-21, 12942
2019-02-22, 20080
2019-02-23, 16636
2019-02-24, 7273
2019-02-25, 19862
2019-02-26, 14308
2019-02-27, 12610
2019-02-28, 11616
2019-03-01, 12089
2019-03-02, 16956
2019-03-03, 11432
2019-03-04, 16205
2019-03-05, 12137
2019-03-06, 13412
2019-03-07, 14908
2019-03-08, 16495
2019-03-09, 7171
2019-03-10, 14018
2019-03-11, 10763
2019-03-12, 12084
2019-03-13, 8816
2019-03-14, 11866
2019-03-15, 14437
2019-03-16, 12130
2019-03-17, 16165
2019-03-18, 12345
2019-03-19, 16395
2019-03-20, 15941
2019-03-21, 11962
2019-03-22, 17693
2019-03-23, 8259
2019-03-24, 15008
2019-03-25, 9774
2019-03-26, 14491
2019-03-27, 16014
2019-03-28, 15740
2019-03-29, 14433
2019-03-30, 16050
2019-03-31, 14743
2019-04-01, 17666
2019-04-02, 9315
2019-04-03, 11303
2019-04-04, 16159
2019-04-05, 6031
2019-04-06, 9498
2019-04-07, 12255
2019-04-08, 19087
2019-04-09, 15275
2019-04-10, 14377
2019-04-11, 11438
2019-04-12, 19358
2019-04-13, 12642
2019-04-14, 16970
2019-04-15, 14422
2019-04-16, 13146
2019-04-17, 8347
2019-04-18, 17591
2019-04-19, 14493
2019-04-20, 7527
2019-04-21, 19453
2019-04-22, 10149
2019-04-23, 13025
2019-04-24, 12521
2019-04-25, 13809
2019-04-26, 21186
2019-04-27, 11512
2019-04-28, 12319
2019-04-29, 16392
2019-04-30, 8030
2019-05-01, 11169
2019-05-02, 17880
2019-05-03, 16648
2019-05-04, 14990
2019-05-05, 13264
2019-05-06, 9579
2019-05-07, 12184
2019-05-08, 16647
2019-05-09, 14314
2019-05-10, 19453
2019-05-11, 22318
2019-05-12, 16121
2019-05-13, 16016
2019-05-14, 15277
2019-05-15, 13808
2019-05-16, 14417
2019-05-17, 8948
2019-05-18, 15229
2019-05-19, 7869
2019-05-20, 13551
2019-05-21, 12828
2019-05-22, 16513
2019-05-23, 14729
2019-05-24, 17812
2019-05-25, 12409
2019-05-26, 10404
2019-05-27, 17875
2019-05-28, 14490
2019-05-29, 10508
2019-05-30, 11898
2019-05-31, 15135
2019-06-01, 14821
2019-06-02, 5651
2019-06-03, 16743
2019-06-04, 19314
2019-06-05, 11581
2019-06-06, 21005
2019-06-07, 13431
2019-06-08, 14134
2019-06-09, 16367
2019-06-10, 17759
2019-06-11, 8904
2019-06-12, 12921
2019-06-13, 10982
2019-06-14, 8462
2019-06-15, 16138
2019-06-16, 12633
2019-06-17, 16624
2019-06-18, 18348
2019-06-19, 9115
2019-06-20, 13656
2019-06-21, 10904
2019-06-22, 13032
2019-06-23, 14748
2019-06-24, 8205
2019-06-25, 16174
2019-06-26, 20717
2019-06-27, 14183
2019-06-28, 19448
2019-06-29, 6711
2019-06-30, 11599
2019-07-01, 14091
2019-07-02, 16134
2019-07-03, 18839
2019-07-04, 18535
2019-07-05, 14146
2019-07-06, 10953
2019-07-07, 19327
2019-07-08, 18241
2019-07-09, 16434
2019-07-10, 14504
2019-07-11, 12454
2019-07-12, 16535
2019-07-13, 15952
2019-07-14, 15659
2019-07-15, 13209
2019-07-16, 11214
2019-07-17, 17471
2019-07-18, 13071
2019-07-19, 15448
2019-07-20, 18188
2019-07-21, 19034
2019-07-22, 19363
2019-07-23, 18998
2019-07-24, 21339
2019-07-25, 16032
2019-07-26, 20501
2019-07-27, 14764
2019-07-28, 9808
2019-07-29, 22744
2019-07-30, 16562
2019-07-31, 16618
2019-08-01, 15084
2019-08-02, 19723
2019-08-03, 17630
2019-08-04, 17793
2019-08-05, 17593
2019-08-06, 19645
2019-08-07, 14407
2019-08-08, 8236
2019-08-09, 15724
2019-08-10, 10605
2019-08-11, 14419
2019-08-12, 13246
2019-08-13, 15528
2019-08-14, 16130
2019-08-15, 17978
2019-08-16, 14352
2019-08-17, 24012
2019-08-18, 13967
2019-08-19, 20823
2019-08-20, 19577
2019-08-21, 18463
2019-08-22, 12998
2019-08-23, 17677
2019-08-24, 15354
2019-08-25, 12679
2019-08-26, 24471
2019-08-27, 16614
2019-08-28, 15562
2019-08-29, 18814
2019-08-30, 19259
2019-08-31, 26317
2019-09-01, 15891
2019-09-02, 17193
2019-09-03, 23554
2019-09-04, 16172
2019-09-05, 14304
2019-09-06, 22050
2019-09-07, 13428
2019-09-08, 13491
2019-09-09, 13939
2019-09-10, 15963
2019-09-11, 12891
2019-09-12, 19301
2019-09-13, 12994
2019-09-14, 22700
2019-09-15, 21110
2019-09-16, 21233
2019-09-17, 17821
2019-09-18, 14392
2019-09-19, 13614
2019-09-20, 16349
2019-09-21, 17765
2019-09-22, 12293
2019-09-23, 11981
2019-09-24, 11868
2019-09-25, 22698
2019-09-26, 17874
2019-09-27, 16164
2019-09-28, 23843
2019-09-29, 13682
2019-09-30, 13570
2019-10-01, 18016
2019-10-02, 10617
2019-10-03, 12928
2019-10-04, 16204
2019-10-05, 10694
2019-10-06, 20801
2019-10-07, 14314
2019-10-08, 20224
2019-10-09, 23063
2019-10-10, 13404
2019-10-11, 24079
2019-10-12, 15620
2019-10-13, 16931
2019-10-14, 20269
2019-10-15, 17235
2019-10-16, 15924
2019-10-17, 20954
2019-10-18, 10856
2019-10-19, 18251
2019-10-20, 18445
2019-10-21, 16731
2019-10-22, 17689
2019-10-23, 17446
2019-10-24, 10358
2019-10-25, 19563
2019-10-26, 19191
2019-10-27, 17115
2019-10-28, 16674
2019-10-29, 11790
2019-10-30, 18380
2019-10-31, 18608
2019-11-01, 17420
2019-11-02, 22050
2019-11-03, 11480
2019-11-04, 14829
2019-11-05, 16532
2019-11-06, 18325
2019-11-07, 21289
2019-11-08, 16312
2019-11-09, 11290
2019-11-10, 14614
2019-11-11, 14882
2019-11-12, 22068
2019-11-13, 32992
2019-11-14, 18976
2019-11-15, 22353
2019-11-16, 20591
2019-11-17, 19687
2019-11-18, 26289
2019-11-19, 21584
2019-11-20, 17812
2019-11-21, 24619
2019-11-22, 14170
2019-11-23, 30477
2019-11-24, 24612
2019-11-25, 19405
2019-11-26, 19868
2019-11-27, 25317
2019-11-28, 23493
2019-11-29, 18753
2019-11-30, 22720
2019-12-01, 17764
2019-12-02, 27025
2019-12-03, 30122
2019-12-04, 26008
2019-12-05, 17012
2019-12-06, 24942
2019-12-07, 19295
2019-12-08, 19493
2019-12-09, 16359
2019-12-10, 23895
2019-12-11, 25979
2019-12-12, 26170
2019-12-13, 22646
2019-12-14, 31086
2019-12-15, 17580
2019-12-16, 28011
2019-12-17, 20200
2019-12-18, 18110
2019-12-19, 22046
2019-12-20, 19718
2019-12-21, 23220
2019-12-22, 33839
2019-12-23, 18989
2019-12-24, 15767
2019-12-25, 24317
2019-12-26, 21501
2019-12-27, 29781
2019-12-28, 27733
2019-12-29, 18028
2019-12-30, 23228
2019-12-31, 19333
2020-01-01, 17523
2020-01-02, 11854
2020-01-03, 26103
2020-01-04, 28051
2020-01-05, 31373
2020-01-06, 23706
2020-01-07, 26947
2020-01-08, 21920
2020-01-09, 10824
2020-01-10, 18717
2020-01-11, 18067
2020-01-12, 16224
2020-01-13, 20765
2020-01-14, 21482
2020-01-15, 18597
2020-01-16, 20288
2020-01-17, 20645
2020-01-18, 23220
2020-01-19, 22007
2020-01-20, 25587
2020-01-21, 19690
2020-01-22, 24175
2020-01-23, 21605
2020-01-24, 20934
2020-01-25, 22990
2020-01-26, 31706
2020-01-27, 15597
2020-01-28, 25458
2020-01-29, 7315
2020-01-30, 12138
2020-01-31, 18210
2020-02-01, 11109
2020-02-02, 12270
2020-02-03, 8344
2020-02-04, 13986
2020-02-05, 10323
2020-02-06, 12489
2020-02-07, 11270
2020-02-08, 9867
2020-02-09, 9335
2020-02-10, 15383
2020-02-11, 7844
2020-02-12, 15457
2020-02-13, 9588
2020-02-14, 11535
2020-02-15, 11385
2020-02-16, 9733
2020-02-17, 9407
2020-02-18, 10282
2020-02-19, 7637
2020-02-20, 10662
2020-02-21, 6476
2020-02-22, 10046
2020-02-23, 8324
2020-02-24, 3643
2020-02-25, 9936
2020-02-26, 7160
2020-02-27, 6311
2020-02-28, 5811
2020-02-29, 5775
2020-03-01, 6051
2020-03-02, 8485
2020-03-03, 5721
2020-03-04, 8110
2020-03-05, 6074
2020-03-06, 6712
2020-03-07, 7461
2020-03-08, 8251
2020-03-09, 3591
2020-03-10, 7015
2020-03-11, 5389
2020-03-12, 6048
2020-03-13, 4415
2020-03-14, 5940
2020-03-15, 7225
2020-03-16, 6071
2020-03-17, 8090
2020-03-18, 6180
2020-03-19, 6557
2020-03-20, 6375
2020-03-21, 4784
2020-03-22, 7077
2020-03-23, 3302
2020-03-24, 6001
2020-03-25, 3909
2020-03-26, 5796
2020-03-27, 6404
2020-03-28, 6293
2020-03-29, 5775
2020-03-30, 6421
2020-03-31, 5897
2020-04-01, 7065
2020-04-02, 3727
2020-04-03, 4521
2020-04-04, 6462
2020-04-05, 2410
2020-04-06, 3799
2020-04-07, 4903
2020-04-08, 7637
2020-04-09, 6108
2020-04-10, 5750
2020-04-11, 4772
2020-04-12, 8713
2020-04-13, 5688
2020-04-14, 7637
2020-04-15, 6490
2020-04-16, 4700
2020-04-17, 2824
2020-04-18, 3123
2020-04-19, 6524
2020-04-20, 3387
2020-04-21, 8755
2020-04-22, 4567
2020-04-23, 2305
2020-04-24, 4767
2020-04-25, 6212
2020-04-26, 9535
2020-04-27, 5181
2020-04-28, 5545
2020-04-29, 4919
2020-04-30, 2409
2020-05-01, 3355
2020-05-02, 5366
2020-05-03, 4996
2020-05-04, 4498
2020-05-05, 3981
2020-05-06, 2877
2020-05-07, 3658
2020-05-08, 4995
2020-05-09, 4294
2020-05-10, 5837
2020-05-11, 7139
2020-05-12, 5158
2020-05-13, 5123
2020-05-14, 4890
2020-05-15, 4419
2020-05-16, 4612
2020-05-17, 2864
2020-05-18, 4875
2020-05-19, 2520
2020-05-20, 4337
2020-05-21, 4104
2020-05-22, 5284
2020-05-23, 4716
2020-05-24, 5701
2020-05-25, 3972
2020-05-26, 3330
2020-05-27, 5720
2020-05-28, 4636
2020-05-29, 3364
2020-05-30, 3807
2020-05-31, 4845
2020-06-01, 4743
2020-06-02, 1806
2020-06-03, 5357
2020-06-04, 6180
2020-06-05, 3706
2020-06-06, 6723
2020-06-07, 4964
2020-06-08, 5227
2020-06-09, 6056
2020-06-10, 6571
2020-06-11, 3292
2020-06-12, 4781
2020-06-13, 4063
2020-06-14, 3127
2020-06-15, 5968
2020-06-16, 4676
2020-06-17, 6152
2020-06-18, 6789
2020-06-19, 3370
2020-06-20, 5052
2020-06-21, 2370
2020-06-22, 4820
2020-06-23, 5455
2020-06-24, 3037
2020-06-25, 5984
2020-06-26, 8079
2020-06-27, 5531
2020-06-28, 7585
2020-06-29, 2615
2020-06-30, 4523